
ROM used:   348/16384 (1%)
            348/16384 (1%) including unused fragments

            0.4 Average locations per line
            5.7 Average locations per statement

RAM used:   5/2048 (0%) at main() level
            9/2048 (0%) worst case

Stack used: 0 worst case (0 in main + 0 for interrupts)
Stack size: 31

Lines Stmts  %   Files
----- ----- ---  -----
  103    61 100  Projeto_final.c
  821     0   0  ..\..\..\..\Program Files (x86)\PICC\Devices\18F4550.h
----- -----
  924    61 Total

Page ROM  %  RAM   Vol Diff  Functions:
---- --- --- ---   --- ----  ----------
0     38   5    1             @delay_ms1
0    306  44    1  2020  6.4  main
 Inline         0             @cinit1

Program metrics:
    Functions               1
    Statements              61
    Comments                173
    Volume (V)              2026
    Difficulty (D)          6.3
    Effort to implement (E) 12867
    Time to implement (T)   12 minutes
    Est Delivered Bugs (B)  0
    Cyclomatic Complexity   11
    Maintainability (MI)    112

 Segment     Used  Free
-----------  ----  ----
00000-00002     4  0  
00004-07FFE   344  32420  



